0 verbose cli /apex/com.android.runtime/bin/linker64 /data/data/com.termux/files/usr/bin/npm
1 info using npm@10.8.2
2 info using node@v22.5.1
3 silly config load:file:/data/data/com.termux/files/usr/lib/node_modules/npm/npmrc
4 silly config load:file:/data/data/com.termux/files/home/.npmrc
5 silly config load:file:/data/data/com.termux/files/usr/etc/npmrc
6 verbose title npm install @cloudflare/wrangler
7 verbose argv "install" "--global" "@cloudflare/wrangler"
8 verbose logfile logs-max:10 dir:/data/data/com.termux/files/home/.npm/_logs/2024-08-18T02_43_29_231Z-
9 verbose logfile /data/data/com.termux/files/home/.npm/_logs/2024-08-18T02_43_29_231Z-debug-0.log
10 silly packumentCache heap:1098907648 maxSize:274726912 maxEntrySize:137363456
11 silly logfile done cleaning log files
12 silly idealTree buildDeps
13 silly fetch manifest @cloudflare/wrangler@*
14 silly packumentCache full:https://registry.npmjs.org/@cloudflare%2fwrangler cache-miss
15 http fetch GET 200 https://registry.npmjs.org/@cloudflare%2fwrangler 2248ms (cache miss)
16 silly packumentCache full:https://registry.npmjs.org/@cloudflare%2fwrangler set size:undefined disposed:false
17 silly placeDep ROOT @cloudflare/wrangler@1.21.0 OK for:  want: *
18 silly fetch manifest axios@^0.21.1
19 silly packumentCache full:https://registry.npmjs.org/axios cache-miss
20 silly fetch manifest rimraf@^3.0.2
21 silly packumentCache full:https://registry.npmjs.org/rimraf cache-miss
22 silly fetch manifest tar@^6.1.10
23 silly packumentCache full:https://registry.npmjs.org/tar cache-miss
24 http fetch GET 200 https://registry.npmjs.org/axios 234ms (cache miss)
25 silly packumentCache full:https://registry.npmjs.org/axios set size:undefined disposed:false
26 http fetch GET 200 https://registry.npmjs.org/rimraf 661ms (cache miss)
27 silly packumentCache full:https://registry.npmjs.org/rimraf set size:undefined disposed:false
28 http fetch GET 200 https://registry.npmjs.org/tar 764ms (cache miss)
29 silly packumentCache full:https://registry.npmjs.org/tar set size:undefined disposed:false
30 silly reify moves {}
31 silly tarball no local data for @cloudflare/wrangler@https://registry.npmjs.org/@cloudflare/wrangler/-/wrangler-1.21.0.tgz. Extracting by manifest.
32 http fetch GET 200 https://registry.npmjs.org/@cloudflare/wrangler/-/wrangler-1.21.0.tgz 469ms (cache miss)
33 warn deprecated @cloudflare/wrangler@1.21.0: This package is for Wrangler v1.x and is no longer supported. Please visit https://www.npmjs.com/package/wrangler for Wrangler v2+.
34 silly tarball no local data for yallist@https://registry.npmjs.org/yallist/-/yallist-4.0.0.tgz. Extracting by manifest.
35 silly tarball no local data for wrappy@https://registry.npmjs.org/wrappy/-/wrappy-1.0.2.tgz. Extracting by manifest.
36 silly tarball no local data for tar@https://registry.npmjs.org/tar/-/tar-6.1.10.tgz. Extracting by manifest.
37 silly tarball no local data for rimraf@https://registry.npmjs.org/rimraf/-/rimraf-3.0.2.tgz. Extracting by manifest.
38 silly tarball no local data for path-is-absolute@https://registry.npmjs.org/path-is-absolute/-/path-is-absolute-1.0.1.tgz. Extracting by manifest.
39 silly tarball no local data for once@https://registry.npmjs.org/once/-/once-1.4.0.tgz. Extracting by manifest.
40 silly tarball no local data for mkdirp@https://registry.npmjs.org/mkdirp/-/mkdirp-1.0.4.tgz. Extracting by manifest.
41 silly tarball no local data for minizlib@https://registry.npmjs.org/minizlib/-/minizlib-2.1.2.tgz. Extracting by manifest.
42 silly tarball no local data for minipass@https://registry.npmjs.org/minipass/-/minipass-3.1.3.tgz. Extracting by manifest.
43 silly tarball no local data for minimatch@https://registry.npmjs.org/minimatch/-/minimatch-3.1.2.tgz. Extracting by manifest.
44 silly tarball no local data for inherits@https://registry.npmjs.org/inherits/-/inherits-2.0.4.tgz. Extracting by manifest.
45 silly tarball no local data for inflight@https://registry.npmjs.org/inflight/-/inflight-1.0.6.tgz. Extracting by manifest.
46 silly tarball no local data for glob@https://registry.npmjs.org/glob/-/glob-7.1.6.tgz. Extracting by manifest.
47 silly tarball no local data for fs.realpath@https://registry.npmjs.org/fs.realpath/-/fs.realpath-1.0.0.tgz. Extracting by manifest.
48 silly tarball no local data for fs-minipass@https://registry.npmjs.org/fs-minipass/-/fs-minipass-2.1.0.tgz. Extracting by manifest.
49 silly tarball no local data for follow-redirects@https://registry.npmjs.org/follow-redirects/-/follow-redirects-1.14.9.tgz. Extracting by manifest.
50 silly tarball no local data for concat-map@https://registry.npmjs.org/concat-map/-/concat-map-0.0.1.tgz. Extracting by manifest.
51 silly tarball no local data for chownr@https://registry.npmjs.org/chownr/-/chownr-2.0.0.tgz. Extracting by manifest.
52 silly tarball no local data for brace-expansion@https://registry.npmjs.org/brace-expansion/-/brace-expansion-1.1.11.tgz. Extracting by manifest.
53 silly tarball no local data for balanced-match@https://registry.npmjs.org/balanced-match/-/balanced-match-1.0.0.tgz. Extracting by manifest.
54 silly tarball no local data for axios@https://registry.npmjs.org/axios/-/axios-0.21.4.tgz. Extracting by manifest.
55 http fetch GET 200 https://registry.npmjs.org/yallist/-/yallist-4.0.0.tgz 285ms (cache miss)
56 http fetch GET 200 https://registry.npmjs.org/wrappy/-/wrappy-1.0.2.tgz 285ms (cache miss)
57 http fetch GET 200 https://registry.npmjs.org/tar/-/tar-6.1.10.tgz 300ms (cache miss)
58 http fetch GET 200 https://registry.npmjs.org/concat-map/-/concat-map-0.0.1.tgz 465ms (cache miss)
59 http fetch GET 200 https://registry.npmjs.org/chownr/-/chownr-2.0.0.tgz 469ms (cache miss)
60 http fetch GET 200 https://registry.npmjs.org/follow-redirects/-/follow-redirects-1.14.9.tgz 474ms (cache miss)
61 http fetch GET 200 https://registry.npmjs.org/brace-expansion/-/brace-expansion-1.1.11.tgz 524ms (cache miss)
62 http fetch GET 200 https://registry.npmjs.org/balanced-match/-/balanced-match-1.0.0.tgz 598ms (cache miss)
63 http fetch GET 200 https://registry.npmjs.org/rimraf/-/rimraf-3.0.2.tgz 678ms (cache miss)
64 http fetch GET 200 https://registry.npmjs.org/path-is-absolute/-/path-is-absolute-1.0.1.tgz 682ms (cache miss)
65 http fetch GET 200 https://registry.npmjs.org/axios/-/axios-0.21.4.tgz 687ms (cache miss)
66 http fetch GET 200 https://registry.npmjs.org/once/-/once-1.4.0.tgz 722ms (cache miss)
67 http fetch GET 200 https://registry.npmjs.org/minizlib/-/minizlib-2.1.2.tgz 840ms (cache miss)
68 http fetch GET 200 https://registry.npmjs.org/inherits/-/inherits-2.0.4.tgz 857ms (cache miss)
69 http fetch GET 200 https://registry.npmjs.org/minipass/-/minipass-3.1.3.tgz 863ms (cache miss)
70 http fetch GET 200 https://registry.npmjs.org/fs.realpath/-/fs.realpath-1.0.0.tgz 854ms (cache miss)
71 http fetch GET 200 https://registry.npmjs.org/inflight/-/inflight-1.0.6.tgz 859ms (cache miss)
72 http fetch GET 200 https://registry.npmjs.org/mkdirp/-/mkdirp-1.0.4.tgz 871ms (cache miss)
73 http fetch GET 200 https://registry.npmjs.org/fs-minipass/-/fs-minipass-2.1.0.tgz 858ms (cache miss)
74 http fetch GET 200 https://registry.npmjs.org/minimatch/-/minimatch-3.1.2.tgz 869ms (cache miss)
75 http fetch GET 200 https://registry.npmjs.org/glob/-/glob-7.1.6.tgz 867ms (cache miss)
76 info run @cloudflare/wrangler@1.21.0 postinstall node_modules/@cloudflare/wrangler node ./install-wrangler.js
77 info run @cloudflare/wrangler@1.21.0 postinstall { code: 1, signal: null }
78 verbose stack Error: command failed
78 verbose stack     at promiseSpawn (/data/data/com.termux/files/usr/lib/node_modules/npm/node_modules/@npmcli/promise-spawn/lib/index.js:22:22)
78 verbose stack     at spawnWithShell (/data/data/com.termux/files/usr/lib/node_modules/npm/node_modules/@npmcli/promise-spawn/lib/index.js:124:10)
78 verbose stack     at promiseSpawn (/data/data/com.termux/files/usr/lib/node_modules/npm/node_modules/@npmcli/promise-spawn/lib/index.js:12:12)
78 verbose stack     at runScriptPkg (/data/data/com.termux/files/usr/lib/node_modules/npm/node_modules/@npmcli/run-script/lib/run-script-pkg.js:77:13)
78 verbose stack     at runScript (/data/data/com.termux/files/usr/lib/node_modules/npm/node_modules/@npmcli/run-script/lib/run-script.js:9:12)
78 verbose stack     at /data/data/com.termux/files/usr/lib/node_modules/npm/node_modules/@npmcli/arborist/lib/arborist/rebuild.js:329:17
78 verbose stack     at run (/data/data/com.termux/files/usr/lib/node_modules/npm/node_modules/promise-call-limit/dist/commonjs/index.js:67:22)
78 verbose stack     at /data/data/com.termux/files/usr/lib/node_modules/npm/node_modules/promise-call-limit/dist/commonjs/index.js:84:9
78 verbose stack     at new Promise (<anonymous>)
78 verbose stack     at callLimit (/data/data/com.termux/files/usr/lib/node_modules/npm/node_modules/promise-call-limit/dist/commonjs/index.js:35:69)
79 verbose pkgid @cloudflare/wrangler@1.21.0
80 error code 1
81 error path /data/data/com.termux/files/usr/lib/node_modules/@cloudflare/wrangler
82 error command failed
83 error command sh -c node ./install-wrangler.js
84 silly unfinished npm timer reify 1723949010893
85 silly unfinished npm timer reify:build 1723949015526
86 silly unfinished npm timer build 1723949015527
87 silly unfinished npm timer build:deps 1723949015528
88 silly unfinished npm timer build:run:postinstall 1723949015546
89 silly unfinished npm timer build:run:postinstall:node_modules/@cloudflare/wrangler 1723949015547
90 verbose cwd /data/data/com.termux/files/home
91 verbose os Linux 5.10.198-android12-9-00036-g85b72e945a8d-ab11958844
92 verbose node v22.5.1
93 verbose npm  v10.8.2
94 verbose exit 1
95 verbose code 1
96 error A complete log of this run can be found in: /data/data/com.termux/files/home/.npm/_logs/2024-08-18T02_43_29_231Z-debug-0.log
